Base path: C:/Program Files/Unity/Editor/Data
Pipe name: \\.\pipe\UnityShaderCompiler-64bit-1-13268
Cmd: getPlatforms
Cmd: compileCompute
  api=4 insize=223 outsize=285 ok=1
Cmd: compileCompute
  api=4 insize=223 outsize=285 ok=1
Cmd: compileCompute
  api=15 insize=223 outsize=477 ok=1
Cmd: compileCompute
  api=9 insize=223 outsize=441 ok=1
Cmd: compileSnippet
  api=4 type=0 insize=990 outsize=1087 kw= pd= ok=1
Cmd: compileSnippet
  api=4 type=1 insize=990 outsize=713 kw= pd= ok=1
Cmd: compileCompute
  api=4 insize=171 outsize=185 ok=1
Cmd: compileCompute
  api=4 insize=171 outsize=185 ok=1
Cmd: compileCompute
  api=15 insize=171 outsize=297 ok=1
Cmd: compileCompute
  api=9 insize=171 outsize=249 ok=1
Cmd: preprocess
  insize=943 outsize=242 ok=1
Cmd: compileSnippet
  api=4 type=0 insize=1000 outsize=1087 kw= pd= ok=1
Cmd: compileSnippet
  api=4 type=1 insize=1000 outsize=616 kw= pd= ok=1
